2020-05-12 09:40:28,439 INFO o.a.j.u.JMeterUtils: Setting Locale to zh_CN
2020-05-12 09:40:28,471 INFO o.a.j.JMeter: Loading user properties from: D:\apache-jmeter-5.0\bin\user.properties
2020-05-12 09:40:28,471 INFO o.a.j.JMeter: Loading system properties from: D:\apache-jmeter-5.0\bin\system.properties
2020-05-12 09:40:28,471 INFO o.a.j.JMeter: Copyright (c) 1998-2018 The Apache Software Foundation
2020-05-12 09:40:28,471 INFO o.a.j.JMeter: Version 5.0 r1840935
2020-05-12 09:40:28,471 INFO o.a.j.JMeter: java.version=13.0.1
2020-05-12 09:40:28,471 INFO o.a.j.JMeter: java.vm.name=Java HotSpot(TM) 64-Bit Server VM
2020-05-12 09:40:28,471 INFO o.a.j.JMeter: os.name=Windows Server 2012 R2
2020-05-12 09:40:28,471 INFO o.a.j.JMeter: os.arch=amd64
2020-05-12 09:40:28,471 INFO o.a.j.JMeter: os.version=6.3
2020-05-12 09:40:28,471 INFO o.a.j.JMeter: file.encoding=GBK
2020-05-12 09:40:28,471 INFO o.a.j.JMeter: Max memory     =1073741824
2020-05-12 09:40:28,471 INFO o.a.j.JMeter: Available Processors =24
2020-05-12 09:40:28,486 INFO o.a.j.JMeter: Default Locale=English (EN)
2020-05-12 09:40:28,486 INFO o.a.j.JMeter: JMeter  Locale=Chinese (China)
2020-05-12 09:40:28,486 INFO o.a.j.JMeter: JMeterHome=D:\apache-jmeter-5.0
2020-05-12 09:40:28,486 INFO o.a.j.JMeter: user.dir  =D:\operations_test
2020-05-12 09:40:28,486 INFO o.a.j.JMeter: PWD       =D:\operations_test
2020-05-12 09:40:28,486 INFO o.a.j.JMeter: IP: 172.16.20.5 Name: ZBW12Cloud1 FullName: ZBW12Cloud1
2020-05-12 09:40:28,486 INFO o.a.j.JMeter: Setting property 'jmeter.reportgenerator.outputdir' to:'D:\autoAPI\testreport\html\20200512094027B2B入库.jmx'
2020-05-12 09:40:28,502 INFO o.a.j.s.FileServer: Default base='D:\operations_test'
2020-05-12 09:40:28,502 INFO o.a.j.s.FileServer: Set new base='D:\operations_test\.\JmeterScript\WMS'
2020-05-12 09:40:28,642 INFO o.a.j.s.SaveService: Testplan (JMX) version: 2.2. Testlog (JTL) version: 2.2
2020-05-12 09:40:28,658 INFO o.a.j.s.SaveService: Using SaveService properties version 5.0
2020-05-12 09:40:28,658 INFO o.a.j.s.SaveService: Using SaveService properties file encoding UTF-8
2020-05-12 09:40:28,674 INFO o.a.j.s.SaveService: Loading file: .\JmeterScript\WMS\B2B入库.jmx
2020-05-12 09:40:28,705 INFO o.a.j.p.h.c.CookieManager: Settings: Delete null: true Check: true Allow variable: true Save: false Prefix: COOKIE_
2020-05-12 09:40:28,736 INFO o.a.j.p.h.s.HTTPSamplerBase: Parser for text/html is org.apache.jmeter.protocol.http.parser.LagartoBasedHtmlParser
2020-05-12 09:40:28,736 INFO o.a.j.p.h.s.HTTPSamplerBase: Parser for application/xhtml+xml is org.apache.jmeter.protocol.http.parser.LagartoBasedHtmlParser
2020-05-12 09:40:28,736 INFO o.a.j.p.h.s.HTTPSamplerBase: Parser for application/xml is org.apache.jmeter.protocol.http.parser.LagartoBasedHtmlParser
2020-05-12 09:40:28,736 INFO o.a.j.p.h.s.HTTPSamplerBase: Parser for text/xml is org.apache.jmeter.protocol.http.parser.LagartoBasedHtmlParser
2020-05-12 09:40:28,736 INFO o.a.j.p.h.s.HTTPSamplerBase: Parser for text/vnd.wap.wml is org.apache.jmeter.protocol.http.parser.RegexpHTMLParser
2020-05-12 09:40:28,736 INFO o.a.j.p.h.s.HTTPSamplerBase: Parser for text/css is org.apache.jmeter.protocol.http.parser.CssParser
2020-05-12 09:40:28,861 INFO o.a.j.JMeter: Creating summariser <summary>
2020-05-12 09:40:28,877 INFO o.a.j.r.d.ReportGenerator: ReportGenerator will use for Parsing the separator: ','
2020-05-12 09:40:28,877 INFO o.a.j.r.d.ReportGenerator: Will generate report at end of test from  results file: ./report/20200512094027B2B入库.jmx.jtl
2020-05-12 09:40:28,877 INFO o.a.j.r.d.ReportGenerator: Reading report generator properties from: D:\apache-jmeter-5.0\bin\reportgenerator.properties
2020-05-12 09:40:28,877 INFO o.a.j.r.d.ReportGenerator: Merging with JMeter properties
2020-05-12 09:40:28,877 INFO o.a.j.r.c.ReportGeneratorConfiguration: Property 'jmeter.reportgenerator.temp_dir' not found, using default value 'temp' instead.
2020-05-12 09:40:28,892 INFO o.a.j.r.c.ReportGeneratorConfiguration: Property 'jmeter.reportgenerator.apdex_per_transaction' not found, using default value 'null' instead.
2020-05-12 09:40:28,892 INFO o.a.j.r.c.ReportGeneratorConfiguration: apdex_per_transaction : {} is empty, not APDEX per transaction customization
2020-05-12 09:40:28,892 INFO o.a.j.r.c.ReportGeneratorConfiguration: Property 'jmeter.reportgenerator.sample_filter' not found, using default value 'null' instead.
2020-05-12 09:40:28,892 INFO o.a.j.r.c.ReportGeneratorConfiguration: Property 'jmeter.reportgenerator.report_title' not found, using default value 'null' instead.
2020-05-12 09:40:28,892 INFO o.a.j.r.c.ReportGeneratorConfiguration: Property 'jmeter.reportgenerator.start_date' not found, using default value 'null' instead.
2020-05-12 09:40:28,892 INFO o.a.j.r.c.ReportGeneratorConfiguration: Property 'jmeter.reportgenerator.end_date' not found, using default value 'null' instead.
2020-05-12 09:40:28,892 INFO o.a.j.r.c.ReportGeneratorConfiguration: Property 'jmeter.reportgenerator.date_format' not found, using default value 'null' instead.
2020-05-12 09:40:28,892 INFO o.a.j.r.c.ReportGeneratorConfiguration: Will use date range start date: null, end date: null
2020-05-12 09:40:28,892 INFO o.a.j.r.c.ReportGeneratorConfiguration: Property 'jmeter.reportgenerator.graph.totalTPS.exclude_controllers' not found, using default value 'false' instead.
2020-05-12 09:40:28,892 INFO o.a.j.r.c.ReportGeneratorConfiguration: Property 'jmeter.reportgenerator.graph.activeThreadsOverTime.exclude_controllers' not found, using default value 'false' instead.
2020-05-12 09:40:28,892 INFO o.a.j.r.c.ReportGeneratorConfiguration: Property 'jmeter.reportgenerator.graph.timeVsThreads.exclude_controllers' not found, using default value 'false' instead.
2020-05-12 09:40:28,892 INFO o.a.j.r.c.ReportGeneratorConfiguration: Property 'jmeter.reportgenerator.graph.responseTimeDistribution.exclude_controllers' not found, using default value 'false' instead.
2020-05-12 09:40:28,892 INFO o.a.j.r.c.ReportGeneratorConfiguration: Property 'jmeter.reportgenerator.graph.transactionsPerSecond.exclude_controllers' not found, using default value 'false' instead.
2020-05-12 09:40:28,892 INFO o.a.j.r.c.ReportGeneratorConfiguration: Property 'jmeter.reportgenerator.graph.responseTimePercentiles.exclude_controllers' not found, using default value 'false' instead.
2020-05-12 09:40:28,892 INFO o.a.j.r.c.ReportGeneratorConfiguration: Property 'jmeter.reportgenerator.graph.responseTimePercentilesOverTime.exclude_controllers' not found, using default value 'false' instead.
2020-05-12 09:40:28,892 INFO o.a.j.r.c.ReportGeneratorConfiguration: Property 'jmeter.reportgenerator.graph.responseTimesOverTime.exclude_controllers' not found, using default value 'false' instead.
2020-05-12 09:40:28,892 INFO o.a.j.r.c.ReportGeneratorConfiguration: Property 'jmeter.reportgenerator.graph.connectTimeOverTime.exclude_controllers' not found, using default value 'false' instead.
2020-05-12 09:40:28,892 INFO o.a.j.r.c.ReportGeneratorConfiguration: Property 'jmeter.reportgenerator.graph.latenciesOverTime.exclude_controllers' not found, using default value 'false' instead.
2020-05-12 09:40:28,892 INFO o.a.j.r.c.ReportGeneratorConfiguration: Property 'jmeter.reportgenerator.exporter.html.filters_only_sample_series' not found, using default value 'true' instead.
2020-05-12 09:40:28,892 INFO o.a.j.r.c.ReportGeneratorConfiguration: Property 'jmeter.reportgenerator.exporter.html.series_filter' not found, using default value '' instead.
2020-05-12 09:40:28,892 INFO o.a.j.r.c.ReportGeneratorConfiguration: Property 'jmeter.reportgenerator.exporter.html.show_controllers_only' not found, using default value 'false' instead.
2020-05-12 09:40:28,892 INFO o.a.j.e.StandardJMeterEngine: Running the test!
2020-05-12 09:40:28,908 INFO o.a.j.s.SampleEvent: List of sample_variables: []
2020-05-12 09:40:28,908 INFO o.a.j.s.SampleEvent: List of sample_variables: []
2020-05-12 09:40:28,908 INFO o.a.j.e.u.CompoundVariable: Note: Function class names must contain the string: '.functions.'
2020-05-12 09:40:28,908 INFO o.a.j.e.u.CompoundVariable: Note: Function class names must not contain the string: '.gui.'
2020-05-12 09:40:30,143 ERROR o.a.j.f.TimeShift: Failed to parse the date 'yyyyMMddHHmmss' to shift with formatter 'null'
java.lang.NumberFormatException: For input string: "yyyyMMddHHmmss"
	at java.lang.NumberFormatException.forInputString(NumberFormatException.java:68) ~[?:?]
	at java.lang.Long.parseLong(Long.java:699) ~[?:?]
	at java.lang.Long.parseLong(Long.java:824) ~[?:?]
	at org.apache.jmeter.functions.TimeShift.execute(TimeShift.java:160) [ApacheJMeter_functions.jar:5.0 r1840935]
	at org.apache.jmeter.engine.util.CompoundVariable.execute(CompoundVariable.java:136) [ApacheJMeter_core.jar:5.0 r1840935]
	at org.apache.jmeter.engine.util.CompoundVariable.execute(CompoundVariable.java:111) [ApacheJMeter_core.jar:5.0 r1840935]
	at org.apache.jmeter.testelement.property.FunctionProperty.getStringValue(FunctionProperty.java:92) [ApacheJMeter_core.jar:5.0 r1840935]
	at org.apache.jmeter.testelement.AbstractTestElement.getPropertyAsString(AbstractTestElement.java:281) [ApacheJMeter_core.jar:5.0 r1840935]
	at org.apache.jmeter.config.Argument.getValue(Argument.java:146) [ApacheJMeter_core.jar:5.0 r1840935]
	at org.apache.jmeter.config.Arguments.getArgumentsAsMap(Arguments.java:94) [ApacheJMeter_core.jar:5.0 r1840935]
	at org.apache.jmeter.engine.PreCompiler.createArgumentsMap(PreCompiler.java:114) [ApacheJMeter_core.jar:5.0 r1840935]
	at org.apache.jmeter.engine.PreCompiler.addNode(PreCompiler.java:101) [ApacheJMeter_core.jar:5.0 r1840935]
	at org.apache.jorphan.collections.HashTree.traverseInto(HashTree.java:994) [jorphan.jar:5.0 r1840935]
	at org.apache.jorphan.collections.HashTree.traverseInto(HashTree.java:995) [jorphan.jar:5.0 r1840935]
	at org.apache.jorphan.collections.HashTree.traverse(HashTree.java:977) [jorphan.jar:5.0 r1840935]
	at org.apache.jmeter.engine.StandardJMeterEngine.run(StandardJMeterEngine.java:365) [ApacheJMeter_core.jar:5.0 r1840935]
	at java.lang.Thread.run(Thread.java:830) [?:?]
2020-05-12 09:40:30,267 INFO r.y.c.ClickHouseDriver: Driver registered
2020-05-12 09:40:30,330 INFO o.a.j.JMeter: 正在运行的测试 (1589247630330)
2020-05-12 09:40:30,346 INFO o.a.j.e.StandardJMeterEngine: Starting ThreadGroup: 1 : 入库流程
2020-05-12 09:40:30,346 INFO o.a.j.e.StandardJMeterEngine: Starting 1 threads for group 入库流程.
2020-05-12 09:40:30,346 INFO o.a.j.e.StandardJMeterEngine: Thread will continue on error
2020-05-12 09:40:30,346 INFO o.a.j.t.ThreadGroup: Starting thread group... number=1 threads=1 ramp-up=250 perThread=250000.0 delayedStart=false
2020-05-12 09:40:30,392 INFO o.a.j.t.ThreadGroup: Started thread group number 1
2020-05-12 09:40:30,392 INFO o.a.j.e.StandardJMeterEngine: All thread groups have been started
2020-05-12 09:40:30,392 INFO o.a.j.t.JMeterThread: Thread started: 入库流程 1-1
2020-05-12 09:40:30,408 INFO o.a.j.c.LoopController: iterationStart called on 入库 with source org.apache.jmeter.control.LoopController@6df9f8f9 and iteration 1
2020-05-12 09:40:30,408 INFO o.a.j.s.SampleResult: Note: Sample TimeStamps are START times
2020-05-12 09:40:30,408 INFO o.a.j.s.SampleResult: sampleresult.default.encoding is set to ISO-8859-1
2020-05-12 09:40:30,408 INFO o.a.j.s.SampleResult: sampleresult.useNanoTime=true
2020-05-12 09:40:30,408 INFO o.a.j.s.SampleResult: sampleresult.nanoThreadSleep=5000
2020-05-12 09:40:30,877 INFO o.a.j.r.Summariser: summary +      1 in 00:00:01 =    1.8/s Avg:   471 Min:   471 Max:   471 Err:     0 (0.00%) Active: 1 Started: 1 Finished: 0
2020-05-12 09:40:31,939 INFO o.a.j.p.h.s.HTTPHCAbstractImpl: Local host = ZBW12Cloud1
2020-05-12 09:40:31,939 INFO o.a.j.p.h.s.HTTPHC4Impl: HTTP request retry count = 0
2020-05-12 09:40:32,267 INFO o.a.j.c.LoopController: iterationStart called on 入库确认 with source org.apache.jmeter.control.LoopController@7856c1d8 and iteration 1
2020-05-12 09:40:32,267 INFO o.a.j.c.LoopController: iterationStart called on PC入库上架 with source org.apache.jmeter.control.LoopController@7856c1d8 and iteration 1
2020-05-12 09:40:32,267 INFO o.a.j.c.LoopController: iterationStart called on PC非箱唛收货 with source org.apache.jmeter.control.LoopController@7856c1d8 and iteration 1
2020-05-12 09:40:32,267 INFO o.a.j.c.LoopController: iterationStart called on 到货登记 with source org.apache.jmeter.control.LoopController@7856c1d8 and iteration 1
2020-05-12 09:40:32,267 INFO o.a.j.c.LoopController: iterationStart called on 生成入库单 with source org.apache.jmeter.control.LoopController@7856c1d8 and iteration 1
2020-05-12 09:40:50,767 INFO o.a.j.t.JMeterThread: Thread is done: 入库流程 1-1
2020-05-12 09:40:50,767 INFO o.a.j.t.JMeterThread: Thread finished: 入库流程 1-1
2020-05-12 09:40:50,767 INFO o.a.j.e.StandardJMeterEngine: Notifying test listeners of end of test
2020-05-12 09:40:50,783 INFO o.a.j.r.Summariser: summary +     29 in 00:00:20 =    1.5/s Avg:   192 Min:     0 Max:  1014 Err:     0 (0.00%) Active: 0 Started: 1 Finished: 1
2020-05-12 09:40:50,783 INFO o.a.j.r.Summariser: summary =     30 in 00:00:20 =    1.5/s Avg:   201 Min:     0 Max:  1014 Err:     0 (0.00%)
2020-05-12 09:40:50,783 INFO o.a.j.JMeter: Generating Dashboard
2020-05-12 09:40:50,783 INFO o.a.j.r.d.ReportGenerator: Flushing result collector before report Generation
2020-05-12 09:40:50,799 INFO o.a.j.r.p.NormalizerSampleConsumer: Using format, 'ms', to parse timeStamp field
2020-05-12 09:40:50,892 INFO o.a.j.r.p.AbstractSampleConsumer: class org.apache.jmeter.report.processor.AggregateConsumer#stopProducing(): beginDate produced 0 samples
2020-05-12 09:40:50,892 INFO o.a.j.r.p.AbstractSampleConsumer: class org.apache.jmeter.report.processor.AggregateConsumer#stopProducing(): endDate produced 0 samples
2020-05-12 09:40:50,892 INFO o.a.j.r.p.AbstractSampleConsumer: class org.apache.jmeter.report.processor.ApdexSummaryConsumer#stopProducing(): apdexSummary produced 0 samples
2020-05-12 09:40:50,892 INFO o.a.j.r.p.AbstractSampleConsumer: class org.apache.jmeter.report.processor.RequestsSummaryConsumer#stopProducing(): requestsSummary produced 0 samples
2020-05-12 09:40:50,892 INFO o.a.j.r.p.AbstractSampleConsumer: class org.apache.jmeter.report.processor.StatisticsSummaryConsumer#stopProducing(): statisticsSummary produced 0 samples
2020-05-12 09:40:50,892 INFO o.a.j.r.p.AbstractSampleConsumer: class org.apache.jmeter.report.processor.Top5ErrorsBySamplerConsumer#stopProducing(): top5ErrorsBySampler produced 0 samples
2020-05-12 09:40:50,892 INFO o.a.j.r.p.AbstractSampleConsumer: class org.apache.jmeter.report.processor.ErrorsSummaryConsumer#stopProducing(): errorsSummary produced 0 samples
2020-05-12 09:40:50,892 INFO o.a.j.r.p.AbstractSampleConsumer: class org.apache.jmeter.report.processor.graph.impl.HitsPerSecondGraphConsumer#stopProducing(): hitsPerSecond produced 0 samples
2020-05-12 09:40:50,908 INFO o.a.j.r.p.AbstractSampleConsumer: class org.apache.jmeter.report.processor.graph.impl.LatencyVSRequestGraphConsumer#stopProducing(): latencyVsRequest produced 0 samples
2020-05-12 09:40:50,908 INFO o.a.j.r.p.AbstractSampleConsumer: class org.apache.jmeter.report.processor.graph.impl.SyntheticResponseTimeDistributionGraphConsumer#stopProducing(): syntheticResponseTimeDistribution produced 0 samples
2020-05-12 09:40:50,908 INFO o.a.j.r.p.AbstractSampleConsumer: class org.apache.jmeter.report.processor.graph.impl.BytesThroughputGraphConsumer#stopProducing(): bytesThroughputOverTime produced 0 samples
2020-05-12 09:40:50,908 INFO o.a.j.r.p.AbstractSampleConsumer: class org.apache.jmeter.report.processor.graph.impl.CodesPerSecondGraphConsumer#stopProducing(): codesPerSecond produced 0 samples
2020-05-12 09:40:50,908 INFO o.a.j.r.p.AbstractSampleConsumer: class org.apache.jmeter.report.processor.graph.impl.ResponseTimeVSRequestGraphConsumer#stopProducing(): responseTimeVsRequest produced 0 samples
2020-05-12 09:40:50,908 INFO o.a.j.r.p.AbstractSampleConsumer: class org.apache.jmeter.report.processor.FilterConsumer#stopProducing(): startIntervalControlerFilter produced 224 samples
2020-05-12 09:40:50,908 INFO o.a.j.r.p.AbstractSampleConsumer: class org.apache.jmeter.report.processor.graph.impl.TotalTPSGraphConsumer#stopProducing(): totalTPS produced 0 samples
2020-05-12 09:40:50,908 INFO o.a.j.r.p.AbstractSampleConsumer: class org.apache.jmeter.report.processor.graph.impl.ActiveThreadsGraphConsumer#stopProducing(): activeThreadsOverTime produced 0 samples
2020-05-12 09:40:50,908 INFO o.a.j.r.p.AbstractSampleConsumer: class org.apache.jmeter.report.processor.graph.impl.TimeVSThreadGraphConsumer#stopProducing(): timeVsThreads produced 0 samples
2020-05-12 09:40:50,924 INFO o.a.j.r.p.AbstractSampleConsumer: class org.apache.jmeter.report.processor.graph.impl.ResponseTimeDistributionGraphConsumer#stopProducing(): responseTimeDistribution produced 0 samples
2020-05-12 09:40:50,924 INFO o.a.j.r.p.AbstractSampleConsumer: class org.apache.jmeter.report.processor.graph.impl.TransactionsPerSecondGraphConsumer#stopProducing(): transactionsPerSecond produced 0 samples
2020-05-12 09:40:50,924 INFO o.a.j.r.p.AbstractSampleConsumer: class org.apache.jmeter.report.processor.graph.impl.ResponseTimePercentilesGraphConsumer#stopProducing(): responseTimePercentiles produced 0 samples
2020-05-12 09:40:50,924 INFO o.a.j.r.p.AbstractSampleConsumer: class org.apache.jmeter.report.processor.graph.impl.ResponseTimePercentilesOverTimeGraphConsumer#stopProducing(): responseTimePercentilesOverTime produced 0 samples
2020-05-12 09:40:50,924 INFO o.a.j.r.p.AbstractSampleConsumer: class org.apache.jmeter.report.processor.graph.impl.ResponseTimeOverTimeGraphConsumer#stopProducing(): responseTimesOverTime produced 0 samples
2020-05-12 09:40:50,924 INFO o.a.j.r.p.AbstractSampleConsumer: class org.apache.jmeter.report.processor.graph.impl.ConnectTimeOverTimeGraphConsumer#stopProducing(): connectTimeOverTime produced 0 samples
2020-05-12 09:40:50,924 INFO o.a.j.r.p.AbstractSampleConsumer: class org.apache.jmeter.report.processor.graph.impl.LatencyOverTimeGraphConsumer#stopProducing(): latenciesOverTime produced 0 samples
2020-05-12 09:40:50,924 INFO o.a.j.r.p.AbstractSampleConsumer: class org.apache.jmeter.report.processor.FilterConsumer#stopProducing(): nameFilter produced 480 samples
2020-05-12 09:40:50,924 INFO o.a.j.r.p.AbstractSampleConsumer: class org.apache.jmeter.report.processor.FilterConsumer#stopProducing(): dateRangeFilter produced 96 samples
2020-05-12 09:40:50,924 INFO o.a.j.r.p.AbstractSampleConsumer: class org.apache.jmeter.report.processor.NormalizerSampleConsumer#stopProducing(): normalizer produced 32 samples
2020-05-12 09:40:50,924 INFO o.a.j.r.p.CsvFileSampleSource: produce(): 32 samples produced in 94ms on channel 0
2020-05-12 09:40:50,924 INFO o.a.j.r.d.ReportGenerator: Exporting data using exporter:'html' of className:'org.apache.jmeter.report.dashboard.HtmlTemplateExporter'
2020-05-12 09:40:50,939 INFO o.a.j.r.d.HtmlTemplateExporter: Will generate dashboard in folder: D:\autoAPI\testreport\html\20200512094027B2B入库.jmx
2020-05-12 09:40:51,096 INFO o.a.j.r.d.HtmlTemplateExporter: Report will be generated in: D:\autoAPI\testreport\html\20200512094027B2B入库.jmx, creating folder structure
2020-05-12 09:40:51,674 INFO o.a.j.JMeter: Dashboard generated
