2020-05-06 20:49:04 开始执行login:总用时4 秒。
运行结果：登录成功 
2020-05-06 20:49:48 开始执行clickmodule:总用时38 秒。
运行结果：社区预订单打开成功
分拣商品打开成功
社区单处理打开成功
社区缺货查询打开成功
挂起订单打开成功
社区预订单打开成功
社区单处理打开成功
社区缺货查询打开成功
订单处理打开成功
缺货审核打开成功
异常订单打开成功
缺货查询打开成功
索赔账单审核打开成功
异常录入打开成功
索赔处理打开成功
异常管理打开成功
理赔处理打开成功
运费理赔打开成功
理赔账单审核打开成功
其它异常录入打开成功
异常导入管理打开成功
接口日志打开成功
反馈汇总打开成功
运单受理打开成功
运单管理打开成功
F运输处理打开成功
运单处理打开成功
异常工单查询打开成功
派件返库打开成功
售后查询打开成功
揽件超时打开成功
中转超时打开成功
签收超时打开成功
网点超时配置打开成功
 
2020-05-06 20:51:30 开始执行login:总用时4 秒。
运行结果：
登录成功 
2020-05-06 20:54:16 开始执行clickmodule:总用时150 秒。
运行结果：
商品管理打开成功
商品类别管理打开成功
成品规格打开成功
店铺管理打开成功
京东平台商品打开成功
淘宝平台商品打开成功
分拣机库位打开成功
库位管理打开成功
库位组管理打开成功
商品修改申请打开成功
商品审核管理打开成功
合格证维护打开成功
容器管理打开成功
识别码配置打开成功
流水线管理打开成功
系统配置打开成功
卡片配置打开成功
会员接口打开成功
网点接口打开成功
设置号段打开成功
京东菜鸟配置打开成功
电子面单打开成功
快递管理打开成功
包材管理打开成功
社区信息打开成功
调度管理打开成功
商品调度打开成功
快递调度打开成功
重量方案打开成功
重量调度打开成功
地址方案打开成功
地址调度打开成功
网点配置打开成功
网点价格配置打开成功
网点时效配置打开成功
价格方案配置打开成功
价格调度打开成功
供应商价格查询打开成功
策略配置打开成功
策略标记打开成功
策略标记绑定打开成功
打印设置打开成功
打印纸设置打开成功
流程配置打开成功
自动揽单配置打开成功
计划出库时间打开成功
拆单配置打开成功
箱唛配置打开成功
订单调度打开成功
波次管理打开成功
清点出库打开成功
出库交接打开成功
流水线管理打开成功
工位管理打开成功
电子标签管理打开成功
总拣单管理打开成功
容器管理打开成功
流水线生产进度打开成功
流水线缺货统计打开成功
商品库存转换打开成功
智能产品管理打开成功
工作台管理打开成功
货架管理打开成功
自动波次配置打开成功
任务中心打开成功
货架分拣打开成功
补货上架打开成功
库位容量查询打开成功
WCS订单管理打开成功
快捷入库打开成功
预约管理打开成功
入库受理打开成功
到货通知打开成功
PC收货打开成功
上架管理打开成功
快速上架打开成功
入库匹配打开成功
入库确认打开成功
收货单管理打开成功
入库查询打开成功
预约入库产能查询打开成功
箱唛管理打开成功
退货登记打开成功
退货入库确认打开成功
退货预处理打开成功
退货单管理打开成功
退货处理打开成功
退货单处理打开成功
退货查询打开成功
订单调度打开成功
清点出库打开成功
单据打印打开成功
打印交接单打开成功
订单出库打开成功
发货单查询打开成功
自动扫描出库打开成功
修改分拣信息打开成功
复核视频查看打开成功
订单剔除打开成功
波次管理打开成功
自动揽单打开成功
异常分拣打开成功
二次分拨打开成功
接单处理打开失败
分拣复核打开失败
包装称重打开失败
单SKU确认打开失败
手动称重打开失败
团购确认打开失败
自动分拣包装打开失败
复核称重一体打开失败
自动波次释放打开失败
快捷出库打开失败
出库受理打开失败
出库审核打开失败
分拣拆分打开失败
下架管理打开失败
B2B分拨打开失败
封箱质检打开失败
出库确认打开失败
出库查询打开失败
出库调度打开失败
B2B清点出库打开失败
加工计划打开失败
加工单管理打开失败
加工生产打开失败
库位库存清理打开失败
仓库使用面积打开失败
包材库存打开失败
库存锁定打开失败
预包配置打开失败
收货产能配置打开失败
增值单管理打开失败
出入库日志打开失败
移库管理打开失败
盘点计划打开失败
新盘点计划打开失败
新盘点任务打开失败
盘点处理打开失败
货物清点打开失败
盘点确认打开失败
补货受理打开失败
补货处理打开失败
库位异常通知打开失败
库存调整打开失败
MES补货打开失败
快速盘点打开失败
库存调整(新)打开失败
盘点查询打开失败
打印条码打开失败
库存查询打开失败
库位库存查询打开失败
库位库存批次打开失败
库存批次查询打开失败
订单进销存打开失败
库存快照查询打开失败
库存日报打开失败
库位组单量统计打开失败
热销品查询打开失败
单量统计打开失败
库存未异动打开失败
补货统计打开失败
出库统计打开失败
导出下载打开失败
物流码查询打开失败
数据采集查询打开失败
单量统计新打开失败
商品进销存打开失败
操作统计打开失败
网点签收信息打开失败
订单全链路打开失败
流水线产能打开失败
 
