2020-05-07 15:51:42 开始执行login:总用时4 秒。
运行结果：
登录成功 
2020-05-07 15:53:38 开始执行login:总用时4 秒。
运行结果：
登录成功 
2020-05-07 18:31:38 开始执行login:总用时4 秒。
运行结果：
登录成功 
2020-05-07 18:33:34 开始执行login:总用时4 秒。
运行结果：
登录成功 
2020-05-07 18:33:57 开始执行login:总用时4 秒。
运行结果：
登录成功 
2020-05-07 18:35:19 开始执行login:总用时5 秒。
运行结果：
登录成功 
2020-05-07 18:40:32 开始执行login:总用时4 秒。
运行结果：
登录成功 
2020-05-07 18:42:35 开始执行clickmodule:总用时117 秒。
运行结果：
测试通过 
2020-05-07 18:47:35 开始执行login:总用时4 秒。
运行结果：
登录成功 
2020-05-07 18:49:39 开始执行clickmodule:总用时117 秒。
运行结果：
测试通过 
2020-05-07 18:51:39 开始执行login:总用时4 秒。
运行结果：
登录成功 
2020-05-07 19:02:31 开始执行login:总用时4 秒。
运行结果：
登录成功 
2020-05-07 19:02:59 开始执行login:总用时4 秒。
运行结果：
登录成功 
2020-05-07 19:03:42 开始执行login:总用时4 秒。
运行结果：
登录成功 
2020-05-07 19:04:35 开始执行login:总用时4 秒。
运行结果：
登录成功 
2020-05-07 19:06:02 开始执行login:总用时4 秒。
运行结果：
登录成功 
2020-05-07 19:16:16 开始执行clickmodule:总用时591 秒。
运行结果：
测试通过 
