2020-04-14 09:53:04,922 INFO o.a.j.u.JMeterUtils: Setting Locale to zh_CN
2020-04-14 09:53:04,936 INFO o.a.j.JMeter: Loading user properties from: D:\apache-jmeter-5.0\bin\user.properties
2020-04-14 09:53:04,937 INFO o.a.j.JMeter: Loading system properties from: D:\apache-jmeter-5.0\bin\system.properties
2020-04-14 09:53:04,937 INFO o.a.j.JMeter: Setting JMeter property: para1=2
2020-04-14 09:53:04,937 INFO o.a.j.JMeter: Setting JMeter property: para2=2
2020-04-14 09:53:04,953 INFO o.a.j.JMeter: Copyright (c) 1998-2018 The Apache Software Foundation
2020-04-14 09:53:04,953 INFO o.a.j.JMeter: Version 5.0 r1840935
2020-04-14 09:53:04,953 INFO o.a.j.JMeter: java.version=1.8.0_191
2020-04-14 09:53:04,953 INFO o.a.j.JMeter: java.vm.name=Java HotSpot(TM) 64-Bit Server VM
2020-04-14 09:53:04,953 INFO o.a.j.JMeter: os.name=Windows 10
2020-04-14 09:53:04,954 INFO o.a.j.JMeter: os.arch=amd64
2020-04-14 09:53:04,954 INFO o.a.j.JMeter: os.version=10.0
2020-04-14 09:53:04,954 INFO o.a.j.JMeter: file.encoding=GBK
2020-04-14 09:53:04,954 INFO o.a.j.JMeter: Max memory     =1073741824
2020-04-14 09:53:04,954 INFO o.a.j.JMeter: Available Processors =4
2020-04-14 09:53:04,986 INFO o.a.j.JMeter: Default Locale=English (EN)
2020-04-14 09:53:04,986 INFO o.a.j.JMeter: JMeter  Locale=Chinese (China)
2020-04-14 09:53:04,986 INFO o.a.j.JMeter: JMeterHome=D:\apache-jmeter-5.0
2020-04-14 09:53:04,986 INFO o.a.j.JMeter: user.dir  =F:\operations_test\JmeterScript
2020-04-14 09:53:04,986 INFO o.a.j.JMeter: PWD       =F:\operations_test\JmeterScript
2020-04-14 09:53:04,988 INFO o.a.j.JMeter: IP: 192.168.3.79 Name: DESKTOP-LMVO1OP FullName: DESKTOP-LMVO1OP
2020-04-14 09:53:04,991 INFO o.a.j.s.FileServer: Default base='F:\operations_test\JmeterScript'
2020-04-14 09:53:05,005 INFO o.a.j.s.FileServer: Set new base='F:\operations_test\JmeterScript'
2020-04-14 09:53:05,181 INFO o.a.j.s.SaveService: Testplan (JMX) version: 2.2. Testlog (JTL) version: 2.2
2020-04-14 09:53:05,205 INFO o.a.j.s.SaveService: Using SaveService properties file encoding UTF-8
2020-04-14 09:53:05,209 INFO o.a.j.s.SaveService: Using SaveService properties version 5.0
2020-04-14 09:53:05,214 INFO o.a.j.s.SaveService: Loading file: 入库流程.jmx
2020-04-14 09:53:05,255 INFO o.a.j.p.h.c.CookieManager: Settings: Delete null: true Check: true Allow variable: true Save: false Prefix: COOKIE_
2020-04-14 09:53:05,278 INFO o.a.j.p.h.s.HTTPSamplerBase: Parser for text/html is org.apache.jmeter.protocol.http.parser.LagartoBasedHtmlParser
2020-04-14 09:53:05,278 INFO o.a.j.p.h.s.HTTPSamplerBase: Parser for application/xhtml+xml is org.apache.jmeter.protocol.http.parser.LagartoBasedHtmlParser
2020-04-14 09:53:05,278 INFO o.a.j.p.h.s.HTTPSamplerBase: Parser for application/xml is org.apache.jmeter.protocol.http.parser.LagartoBasedHtmlParser
2020-04-14 09:53:05,278 INFO o.a.j.p.h.s.HTTPSamplerBase: Parser for text/xml is org.apache.jmeter.protocol.http.parser.LagartoBasedHtmlParser
2020-04-14 09:53:05,278 INFO o.a.j.p.h.s.HTTPSamplerBase: Parser for text/vnd.wap.wml is org.apache.jmeter.protocol.http.parser.RegexpHTMLParser
2020-04-14 09:53:05,278 INFO o.a.j.p.h.s.HTTPSamplerBase: Parser for text/css is org.apache.jmeter.protocol.http.parser.CssParser
2020-04-14 09:53:05,385 INFO o.a.j.JMeter: Creating summariser <summary>
2020-04-14 09:53:05,391 INFO o.a.j.e.StandardJMeterEngine: Running the test!
2020-04-14 09:53:05,392 INFO o.a.j.s.SampleEvent: List of sample_variables: []
2020-04-14 09:53:05,392 INFO o.a.j.s.SampleEvent: List of sample_variables: []
2020-04-14 09:53:05,397 INFO o.a.j.e.u.CompoundVariable: Note: Function class names must contain the string: '.functions.'
2020-04-14 09:53:05,397 INFO o.a.j.e.u.CompoundVariable: Note: Function class names must not contain the string: '.gui.'
2020-04-14 09:53:06,646 ERROR o.a.j.f.TimeShift: Failed to parse the date 'yyyyMMddHHmmss' to shift with formatter 'null'
java.lang.NumberFormatException: For input string: "yyyyMMddHHmmss"
	at java.lang.NumberFormatException.forInputString(Unknown Source) ~[?:1.8.0_191]
	at java.lang.Long.parseLong(Unknown Source) ~[?:1.8.0_191]
	at java.lang.Long.parseLong(Unknown Source) ~[?:1.8.0_191]
	at org.apache.jmeter.functions.TimeShift.execute(TimeShift.java:160) [ApacheJMeter_functions.jar:5.0 r1840935]
	at org.apache.jmeter.engine.util.CompoundVariable.execute(CompoundVariable.java:136) [ApacheJMeter_core.jar:5.0 r1840935]
	at org.apache.jmeter.engine.util.CompoundVariable.execute(CompoundVariable.java:111) [ApacheJMeter_core.jar:5.0 r1840935]
	at org.apache.jmeter.testelement.property.FunctionProperty.getStringValue(FunctionProperty.java:92) [ApacheJMeter_core.jar:5.0 r1840935]
	at org.apache.jmeter.testelement.AbstractTestElement.getPropertyAsString(AbstractTestElement.java:281) [ApacheJMeter_core.jar:5.0 r1840935]
	at org.apache.jmeter.config.Argument.getValue(Argument.java:146) [ApacheJMeter_core.jar:5.0 r1840935]
	at org.apache.jmeter.config.Arguments.getArgumentsAsMap(Arguments.java:94) [ApacheJMeter_core.jar:5.0 r1840935]
	at org.apache.jmeter.engine.PreCompiler.createArgumentsMap(PreCompiler.java:114) [ApacheJMeter_core.jar:5.0 r1840935]
	at org.apache.jmeter.engine.PreCompiler.addNode(PreCompiler.java:101) [ApacheJMeter_core.jar:5.0 r1840935]
	at org.apache.jorphan.collections.HashTree.traverseInto(HashTree.java:994) [jorphan.jar:5.0 r1840935]
	at org.apache.jorphan.collections.HashTree.traverseInto(HashTree.java:995) [jorphan.jar:5.0 r1840935]
	at org.apache.jorphan.collections.HashTree.traverse(HashTree.java:977) [jorphan.jar:5.0 r1840935]
	at org.apache.jmeter.engine.StandardJMeterEngine.run(StandardJMeterEngine.java:365) [ApacheJMeter_core.jar:5.0 r1840935]
	at java.lang.Thread.run(Unknown Source) [?:1.8.0_191]
2020-04-14 09:53:06,804 INFO r.y.c.ClickHouseDriver: Driver registered
2020-04-14 09:53:06,845 INFO o.a.j.JMeter: 正在运行的测试 (1586829186845)
2020-04-14 09:53:06,895 INFO o.a.j.e.StandardJMeterEngine: Starting ThreadGroup: 1 : 入库流程
2020-04-14 09:53:06,895 INFO o.a.j.e.StandardJMeterEngine: Starting 2 threads for group 入库流程.
2020-04-14 09:53:06,895 INFO o.a.j.e.StandardJMeterEngine: Thread will stop on error
2020-04-14 09:53:06,895 INFO o.a.j.t.ThreadGroup: Starting thread group... number=1 threads=2 ramp-up=1 perThread=500.0 delayedStart=false
2020-04-14 09:53:06,941 INFO o.a.j.t.JMeterThread: Thread started: 入库流程 1-1
2020-04-14 09:53:06,945 INFO o.a.j.c.LoopController: iterationStart called on 正确正向流程 with source org.apache.jmeter.control.LoopController@303810d0 and iteration 1
2020-04-14 09:53:06,947 INFO o.a.j.s.SampleResult: Note: Sample TimeStamps are START times
2020-04-14 09:53:06,947 INFO o.a.j.s.SampleResult: sampleresult.default.encoding is set to ISO-8859-1
2020-04-14 09:53:06,947 INFO o.a.j.s.SampleResult: sampleresult.useNanoTime=true
2020-04-14 09:53:06,948 INFO o.a.j.s.SampleResult: sampleresult.nanoThreadSleep=5000
2020-04-14 09:53:06,982 INFO o.a.j.t.ThreadGroup: Started thread group number 1
2020-04-14 09:53:06,982 INFO o.a.j.e.StandardJMeterEngine: All thread groups have been started
2020-04-14 09:53:07,486 INFO o.a.j.t.JMeterThread: Thread started: 入库流程 1-2
2020-04-14 09:53:07,489 INFO o.a.j.c.LoopController: iterationStart called on 正确正向流程 with source org.apache.jmeter.control.LoopController@55613f6a and iteration 1
2020-04-14 09:53:08,295 INFO o.a.j.p.h.s.HTTPHCAbstractImpl: Local host = DESKTOP-LMVO1OP
2020-04-14 09:53:08,304 INFO o.a.j.p.h.s.HTTPHC4Impl: HTTP request retry count = 0
2020-04-14 09:53:08,451 INFO o.a.j.c.LoopController: iterationStart called on 入库确认 with source org.apache.jmeter.control.LoopController@33922c50 and iteration 1
2020-04-14 09:53:08,452 INFO o.a.j.c.LoopController: iterationStart called on PC入库上架 with source org.apache.jmeter.control.LoopController@33922c50 and iteration 1
2020-04-14 09:53:08,452 INFO o.a.j.c.LoopController: iterationStart called on PC非箱唛收货 with source org.apache.jmeter.control.LoopController@33922c50 and iteration 1
2020-04-14 09:53:08,452 INFO o.a.j.c.LoopController: iterationStart called on 到货登记 with source org.apache.jmeter.control.LoopController@33922c50 and iteration 1
2020-04-14 09:53:08,453 INFO o.a.j.c.LoopController: iterationStart called on 生成入库单 with source org.apache.jmeter.control.LoopController@33922c50 and iteration 1
2020-04-14 09:53:08,592 INFO o.a.j.c.LoopController: iterationStart called on 入库确认 with source org.apache.jmeter.control.LoopController@5476d40f and iteration 1
2020-04-14 09:53:08,592 INFO o.a.j.c.LoopController: iterationStart called on PC入库上架 with source org.apache.jmeter.control.LoopController@5476d40f and iteration 1
2020-04-14 09:53:08,592 INFO o.a.j.c.LoopController: iterationStart called on PC非箱唛收货 with source org.apache.jmeter.control.LoopController@5476d40f and iteration 1
2020-04-14 09:53:08,592 INFO o.a.j.c.LoopController: iterationStart called on 到货登记 with source org.apache.jmeter.control.LoopController@5476d40f and iteration 1
2020-04-14 09:53:08,593 INFO o.a.j.c.LoopController: iterationStart called on 生成入库单 with source org.apache.jmeter.control.LoopController@5476d40f and iteration 1
2020-04-14 09:53:25,589 INFO o.a.j.c.LoopController: iterationStart called on 正确正向流程 with source org.apache.jmeter.control.LoopController@55613f6a and iteration 2
2020-04-14 09:53:25,589 INFO o.a.j.c.LoopController: iterationStart called on 入库确认 with source org.apache.jmeter.control.LoopController@5476d40f and iteration 1
2020-04-14 09:53:25,589 INFO o.a.j.c.LoopController: iterationStart called on PC入库上架 with source org.apache.jmeter.control.LoopController@5476d40f and iteration 1
2020-04-14 09:53:25,589 INFO o.a.j.c.LoopController: iterationStart called on PC非箱唛收货 with source org.apache.jmeter.control.LoopController@5476d40f and iteration 1
2020-04-14 09:53:25,589 INFO o.a.j.c.LoopController: iterationStart called on 到货登记 with source org.apache.jmeter.control.LoopController@5476d40f and iteration 1
2020-04-14 09:53:25,589 INFO o.a.j.c.LoopController: iterationStart called on 生成入库单 with source org.apache.jmeter.control.LoopController@5476d40f and iteration 1
2020-04-14 09:53:26,114 INFO o.a.j.c.LoopController: iterationStart called on 正确正向流程 with source org.apache.jmeter.control.LoopController@303810d0 and iteration 2
2020-04-14 09:53:26,114 INFO o.a.j.c.LoopController: iterationStart called on 入库确认 with source org.apache.jmeter.control.LoopController@33922c50 and iteration 1
2020-04-14 09:53:26,114 INFO o.a.j.c.LoopController: iterationStart called on PC入库上架 with source org.apache.jmeter.control.LoopController@33922c50 and iteration 1
2020-04-14 09:53:26,115 INFO o.a.j.c.LoopController: iterationStart called on PC非箱唛收货 with source org.apache.jmeter.control.LoopController@33922c50 and iteration 1
2020-04-14 09:53:26,115 INFO o.a.j.c.LoopController: iterationStart called on 到货登记 with source org.apache.jmeter.control.LoopController@33922c50 and iteration 1
2020-04-14 09:53:26,115 INFO o.a.j.c.LoopController: iterationStart called on 生成入库单 with source org.apache.jmeter.control.LoopController@33922c50 and iteration 1
2020-04-14 09:53:26,604 INFO o.a.j.u.JsseSSLManager: Using default SSL protocol: TLS
2020-04-14 09:53:26,604 INFO o.a.j.u.JsseSSLManager: SSL session context: per-thread
2020-04-14 09:53:30,398 INFO o.a.j.r.Summariser: summary +     58 in 00:00:24 =    2.5/s Avg:   193 Min:     0 Max:  1862 Err:     0 (0.00%) Active: 2 Started: 2 Finished: 0
2020-04-14 09:53:42,351 INFO o.a.j.t.JMeterThread: Thread is done: 入库流程 1-2
2020-04-14 09:53:42,352 INFO o.a.j.t.JMeterThread: Thread finished: 入库流程 1-2
2020-04-14 09:53:42,906 INFO o.a.j.t.JMeterThread: Thread is done: 入库流程 1-1
2020-04-14 09:53:42,906 INFO o.a.j.t.JMeterThread: Thread finished: 入库流程 1-1
2020-04-14 09:53:42,907 INFO o.a.j.e.StandardJMeterEngine: Notifying test listeners of end of test
2020-04-14 09:53:42,911 INFO o.a.j.r.Summariser: summary +     26 in 00:00:13 =    2.1/s Avg:   187 Min:    10 Max:  1332 Err:     0 (0.00%) Active: 0 Started: 2 Finished: 2
2020-04-14 09:53:42,913 INFO o.a.j.r.Summariser: summary =     84 in 00:00:36 =    2.3/s Avg:   191 Min:     0 Max:  1862 Err:     0 (0.00%)
